# JRE version: Java(TM) SE Runtime Environment (19.0.2+7) (build 19.0.2+7-44)
# Java VM: Java HotSpot(TM) 64-Bit Server VM (19.0.2+7-44, mixed mode, sharing, tiered, compressed oops, compressed class ptrs, g1 gc, windows-amd64)
GC Precious Log:
 CardTable entry size: 512
 Card Set container configuration: InlinePtr #cards 5 size 8 Array Of Cards #cards 12 size 40 Howl #buckets 4 coarsen threshold 1843 Howl Bitmap #cards 512 size 80 coarsen threshold 460 Card regions per heap region 1 cards per card region 2048
 CPUs: 2 total, 2 available
 Memory: 3737M
 Large Page Support: Disabled
 NUMA Support: Disabled
 Compressed Oops: Enabled (32-bit)
 Heap Region Size: 1M
 Heap Min Capacity: 8M
 Heap Initial Capacity: 60M
 Heap Max Capacity: 936M
 Pre-touch: Disabled
 Parallel Workers: 2
 Concurrent Workers: 1
 Concurrent Refinement Workers: 2
 Periodic GC: Disabled
Heap:
 garbage-first heap   total 61440K, used 49618K [0x00000000c5800000, 0x0000000100000000)
  region size 1024K, 17 young (17408K), 4 survivors (4096K)
 Metaspace       used 20813K, committed 21056K, reserved 1114112K
  class space    used 2168K, committed 2304K, reserved 1048576K
GC Heap History (8 events):
Event: 3.154 GC heap before
{Heap before GC invocations=0 (full 0):
 garbage-first heap   total 61440K, used 7168K [0x00000000c5800000, 0x0000000100000000)
  region size 1024K, 6 young (6144K), 0 survivors (0K)
 Metaspace       used 4720K, committed 4992K, reserved 1114112K
  class space    used 508K, committed 640K, reserved 1048576K
}
Event: 3.184 GC heap after
{Heap after GC invocations=1 (full 0):
 garbage-first heap   total 61440K, used 3655K [0x00000000c5800000, 0x0000000100000000)
  region size 1024K, 1 young (1024K), 1 survivors (1024K)
 Metaspace       used 4720K, committed 4992K, reserved 1114112K
  class space    used 508K, committed 640K, reserved 1048576K
}
Event: 8.181 GC heap before
{Heap before GC invocations=1 (full 0):
 garbage-first heap   total 61440K, used 14919K [0x00000000c5800000, 0x0000000100000000)
  region size 1024K, 6 young (6144K), 1 survivors (1024K)
 Metaspace       used 8074K, committed 8320K, reserved 1114112K
  class space    used 902K, committed 1024K, reserved 1048576K
}
Event: 8.188 GC heap after
{Heap after GC invocations=2 (full 0):
 garbage-first heap   total 61440K, used 11055K [0x00000000c5800000, 0x0000000100000000)
  region size 1024K, 1 young (1024K), 1 survivors (1024K)
 Metaspace       used 8074K, committed 8320K, reserved 1114112K
  class space    used 902K, committed 1024K, reserved 1048576K
}
Event: 64.542 GC heap before
{Heap before GC invocations=2 (full 0):
 garbage-first heap   total 61440K, used 21295K [0x00000000c5800000, 0x0000000100000000)
  region size 1024K, 12 young (12288K), 1 survivors (1024K)
 Metaspace       used 12959K, committed 13184K, reserved 1114112K
  class space    used 1349K, committed 1472K, reserved 1048576K
}
Event: 64.563 GC heap after
{Heap after GC invocations=3 (full 0):
 garbage-first heap   total 61440K, used 12754K [0x00000000c5800000, 0x0000000100000000)
  region size 1024K, 2 young (2048K), 2 survivors (2048K)
 Metaspace       used 12959K, committed 13184K, reserved 1114112K
  class space    used 1349K, committed 1472K, reserved 1048576K
}
Event: 209.258 GC heap before
{Heap before GC invocations=3 (full 0):
 garbage-first heap   total 61440K, used 54738K [0x00000000c5800000, 0x0000000100000000)
  region size 1024K, 30 young (30720K), 2 survivors (2048K)
 Metaspace       used 20493K, committed 20800K, reserved 1114112K
  class space    used 2155K, committed 2304K, reserved 1048576K
}
Event: 209.330 GC heap after
{Heap after GC invocations=4 (full 0):
 garbage-first heap   total 61440K, used 30162K [0x00000000c5800000, 0x0000000100000000)
  region size 1024K, 4 young (4096K), 4 survivors (4096K)
 Metaspace       used 20493K, committed 20800K, reserved 1114112K
  class space    used 2155K, committed 2304K, reserved 1048576K
}

