# JRE version: Java(TM) SE Runtime Environment (19.0.2+7) (build 19.0.2+7-44)
# Java VM: Java HotSpot(TM) 64-Bit Server VM (19.0.2+7-44, mixed mode, sharing, tiered, compressed oops, compressed class ptrs, g1 gc, windows-amd64)
GC Precious Log:
 CardTable entry size: 512
 Card Set container configuration: InlinePtr #cards 5 size 8 Array Of Cards #cards 12 size 40 Howl #buckets 4 coarsen threshold 1843 Howl Bitmap #cards 512 size 80 coarsen threshold 460 Card regions per heap region 1 cards per card region 2048
 CPUs: 2 total, 2 available
 Memory: 3737M
 Large Page Support: Disabled
 NUMA Support: Disabled
 Compressed Oops: Enabled (32-bit)
 Heap Region Size: 1M
 Heap Min Capacity: 8M
 Heap Initial Capacity: 60M
 Heap Max Capacity: 936M
 Pre-touch: Disabled
 Parallel Workers: 2
 Concurrent Workers: 1
 Concurrent Refinement Workers: 2
 Periodic GC: Disabled
Heap:
 garbage-first heap   total 61440K, used 15900K [0x00000000c5800000, 0x0000000100000000)
  region size 1024K, 6 young (6144K), 2 survivors (2048K)
 Metaspace       used 18219K, committed 18432K, reserved 1114112K
  class space    used 1970K, committed 2048K, reserved 1048576K
GC Heap History (6 events):
Event: 3.851 GC heap before
{Heap before GC invocations=0 (full 0):
 garbage-first heap   total 61440K, used 7168K [0x00000000c5800000, 0x0000000100000000)
  region size 1024K, 6 young (6144K), 0 survivors (0K)
 Metaspace       used 4719K, committed 4992K, reserved 1114112K
  class space    used 505K, committed 640K, reserved 1048576K
}
Event: 3.870 GC heap after
{Heap after GC invocations=1 (full 0):
 garbage-first heap   total 61440K, used 3653K [0x00000000c5800000, 0x0000000100000000)
  region size 1024K, 1 young (1024K), 1 survivors (1024K)
 Metaspace       used 4719K, committed 4992K, reserved 1114112K
  class space    used 505K, committed 640K, reserved 1048576K
}
Event: 18.278 GC heap before
{Heap before GC invocations=1 (full 0):
 garbage-first heap   total 61440K, used 14917K [0x00000000c5800000, 0x0000000100000000)
  region size 1024K, 6 young (6144K), 1 survivors (1024K)
 Metaspace       used 8130K, committed 8384K, reserved 1114112K
  class space    used 911K, committed 1024K, reserved 1048576K
}
Event: 18.301 GC heap after
{Heap after GC invocations=2 (full 0):
 garbage-first heap   total 61440K, used 10463K [0x00000000c5800000, 0x0000000100000000)
  region size 1024K, 1 young (1024K), 1 survivors (1024K)
 Metaspace       used 8130K, committed 8384K, reserved 1114112K
  class space    used 911K, committed 1024K, reserved 1048576K
}
Event: 43.614 GC heap before
{Heap before GC invocations=2 (full 0):
 garbage-first heap   total 61440K, used 21727K [0x00000000c5800000, 0x0000000100000000)
  region size 1024K, 13 young (13312K), 1 survivors (1024K)
 Metaspace       used 16358K, committed 16640K, reserved 1114112K
  class space    used 1764K, committed 1920K, reserved 1048576K
}
Event: 43.633 GC heap after
{Heap after GC invocations=3 (full 0):
 garbage-first heap   total 61440K, used 12828K [0x00000000c5800000, 0x0000000100000000)
  region size 1024K, 2 young (2048K), 2 survivors (2048K)
 Metaspace       used 16358K, committed 16640K, reserved 1114112K
  class space    used 1764K, committed 1920K, reserved 1048576K
}

